<?xml version="1.0" encoding="UTF-8"?>
<testng-results skipped="0" failed="0" total="1" passed="1">
  <reporter-output>
  </reporter-output>
  <suite name="Default suite" duration-ms="691" started-at="2017-03-31T06:24:30Z" finished-at="2017-03-31T06:24:31Z">
    <groups>
    </groups>
    <test name="Default test" duration-ms="691" started-at="2017-03-31T06:24:30Z" finished-at="2017-03-31T06:24:31Z">
      <class name="com.gzy.OCR.OCRUtil">
        <test-method status="PASS" signature="test()[pri:0, instance:com.gzy.OCR.OCRUtil@7823a2f9]" name="test" duration-ms="669" started-at="2017-03-31T14:24:30Z" finished-at="2017-03-31T14:24:31Z">
          <reporter-output>
          </reporter-output>
        </test-method> <!-- test -->
      </class> <!-- com.gzy.OCR.OCRUtil -->
    </test> <!-- Default test -->
  </suite> <!-- Default suite -->
</testng-results>
