<?xml version="1.0" encoding="UTF-8"?>
<testng-results skipped="0" failed="0" total="1" passed="1">
  <reporter-output>
  </reporter-output>
  <suite name="Default suite" duration-ms="30" started-at="2017-03-31T01:58:24Z" finished-at="2017-03-31T01:58:24Z">
    <groups>
    </groups>
    <test name="Default test" duration-ms="30" started-at="2017-03-31T01:58:24Z" finished-at="2017-03-31T01:58:24Z">
      <class name="com.gzy.OCR.VcodeUtils">
        <test-method status="PASS" signature="test()[pri:0, instance:com.gzy.OCR.VcodeUtils@675d3402]" name="test" duration-ms="10" started-at="2017-03-31T09:58:24Z" finished-at="2017-03-31T09:58:24Z">
          <reporter-output>
          </reporter-output>
        </test-method> <!-- test -->
      </class> <!-- com.gzy.OCR.VcodeUtils -->
    </test> <!-- Default test -->
  </suite> <!-- Default suite -->
</testng-results>
